<?xml version="1.0" encoding="UTF-8"?>
<testsuite xmlns:xsi="http://www.w3.org/2001/XMLSchema-instance" xsi:noNamespaceSchemaLocation="https://maven.apache.org/surefire/maven-surefire-plugin/xsd/surefire-test-report-3.0.xsd" version="3.0" name="com.example.taskmanagement.controller.TaskControllerIntegrationTest" time="12.34" tests="1" errors="0" skipped="0" failures="0">
  <properties>
[...]
</properties>
  <testcase name="fullCrudFlow" classname="com.example.taskmanagement.controller.TaskControllerIntegrationTest" time="2.274">
    <system-out><![CDATA[14:22:59.288 [main] INFO org.springframework.test.context.support.AnnotationConfigContextLoaderUtils -- Could not detect default configuration classes for test class [com.example.taskmanagement.controller.TaskControllerIntegrationTest]: TaskControllerIntegrationTest does not declare any static, non-private, non-final, nested classes annotated with @Configuration.
14:22:59.609 [main] INFO org.springframework.boot.test.context.SpringBootTestContextBootstrapper -- Found @SpringBootConfiguration com.example.taskmanagement.TaskManagementApiApplication for test class com.example.taskmanagement.controller.TaskControllerIntegrationTest

  .   ____          _            __ _ _
 /\\ / ___'_ __ _ _(_)_ __  __ _ \ \ \ \
( ( )\___ | '_ | '_| | '_ \/ _` | \ \ \ \
 \\/  ___)| |_)| | | | | || (_| |  ) ) ) )
  '  |____| .__|_| |_|_| |_\__, | / / / /
 =========|_|==============|___/=/_/_/_/
 :: Spring Boot ::                (v3.2.0)

2026-05-29T14:23:00.733+05:30  INFO 24344 --- [           main] c.e.t.c.TaskControllerIntegrationTest    : Starting TaskControllerIntegrationTest using Java 17.0.11 with PID 24344 (started by udayk in D:\Users\udayk\OneDrive\Desktop\project-git\Task Management API)
2026-05-29T14:23:00.733+05:30  INFO 24344 --- [           main] c.e.t.c.TaskControllerIntegrationTest    : No active profile set, falling back to 1 default profile: "default"
2026-05-29T14:23:02.476+05:30  INFO 24344 --- [           main] .s.d.r.c.RepositoryConfigurationDelegate : Bootstrapping Spring Data JPA repositories in DEFAULT mode.
2026-05-29T14:23:02.579+05:30  INFO 24344 --- [           main] .s.d.r.c.RepositoryConfigurationDelegate : Finished Spring Data repository scanning in 94 ms. Found 1 JPA repository interface.
2026-05-29T14:23:03.633+05:30  INFO 24344 --- [           main] o.hibernate.jpa.internal.util.LogHelper  : HHH000204: Processing PersistenceUnitInfo [name: default]
2026-05-29T14:23:03.838+05:30  INFO 24344 --- [           main] org.hibernate.Version                    : HHH000412: Hibernate ORM core version 6.3.1.Final
2026-05-29T14:23:03.954+05:30  INFO 24344 --- [           main] o.h.c.internal.RegionFactoryInitiator    : HHH000026: Second-level cache disabled
2026-05-29T14:23:04.664+05:30  INFO 24344 --- [           main] o.s.o.j.p.SpringPersistenceUnitInfo      : No LoadTimeWeaver setup: ignoring JPA class transformer
2026-05-29T14:23:04.711+05:30  INFO 24344 --- [           main] com.zaxxer.hikari.HikariDataSource       : HikariPool-1 - Starting...
2026-05-29T14:23:05.218+05:30  INFO 24344 --- [           main] com.zaxxer.hikari.pool.HikariPool        : HikariPool-1 - Added connection conn0: url=jdbc:h2:mem:tasksdb user=SA
2026-05-29T14:23:05.218+05:30  INFO 24344 --- [           main] com.zaxxer.hikari.HikariDataSource       : HikariPool-1 - Start completed.
2026-05-29T14:23:06.691+05:30  INFO 24344 --- [           main] o.h.e.t.j.p.i.JtaPlatformInitiator       : HHH000489: No JTA platform available (set 'hibernate.transaction.jta.platform' to enable JTA platform integration)
2026-05-29T14:23:06.778+05:30  INFO 24344 --- [           main] j.LocalContainerEntityManagerFactoryBean : Initialized JPA EntityManagerFactory for persistence unit 'default'
2026-05-29T14:23:07.908+05:30  WARN 24344 --- [           main] JpaBaseConfiguration$JpaWebConfiguration : spring.jpa.open-in-view is enabled by default. Therefore, database queries may be performed during view rendering. Explicitly configure spring.jpa.open-in-view to disable this warning
2026-05-29T14:23:08.646+05:30  INFO 24344 --- [           main] o.s.b.a.h2.H2ConsoleAutoConfiguration    : H2 console available at '/h2-console'. Database available at 'jdbc:h2:mem:tasksdb'
2026-05-29T14:23:08.778+05:30  INFO 24344 --- [           main] o.s.b.t.m.w.SpringBootMockServletContext : Initializing Spring TestDispatcherServlet ''
2026-05-29T14:23:08.779+05:30  INFO 24344 --- [           main] o.s.t.web.servlet.TestDispatcherServlet  : Initializing Servlet ''
2026-05-29T14:23:08.781+05:30  INFO 24344 --- [           main] o.s.t.web.servlet.TestDispatcherServlet  : Completed initialization in 2 ms
2026-05-29T14:23:08.826+05:30  INFO 24344 --- [           main] c.e.t.c.TaskControllerIntegrationTest    : Started TaskControllerIntegrationTest in 8.753 seconds (process running for 11.228)
]]></system-out>
  </testcase>
</testsuite>